2024-06-04T17:57:27  refactor: tidy internals
2024-07-05T12:14:34  fix: handle empty input gracefully
2024-08-05T19:31:41  perf: micro-optimization
2024-08-13T14:48:48  style: formatting
2024-09-13T09:05:55  chore: bump dev tooling
2024-10-15T16:22:02  docs: expand examples
2024-11-15T11:39:09  test: strengthen coverage
2024-11-23T18:56:16  chore: tune defaults
2024-12-24T13:13:23  refactor: simplify helper
2025-01-08T08:30:30  chore: routine maintenance
2025-02-08T15:47:37  docs: clarify usage notes
2025-03-12T10:04:44  test: add edge case
2025-04-12T17:21:51  refactor: tidy internals
2025-04-20T12:38:58  fix: handle empty input gracefully
2025-05-21T19:55:05  perf: micro-optimization
2025-06-22T14:12:12  style: formatting
2025-06-29T09:29:19  chore: bump dev tooling
2025-08-06T16:46:26  docs: expand examples
2025-09-07T11:03:33  test: strengthen coverage
2025-09-14T18:20:40  chore: tune defaults
2025-10-16T13:37:47  refactor: simplify helper
2025-11-16T08:54:54  chore: routine maintenance
2025-11-24T15:11:01  docs: clarify usage notes
2025-12-25T10:28:08  test: add edge case
2026-01-26T17:45:15  refactor: tidy internals
2026-02-02T12:02:22  fix: handle empty input gracefully
2026-03-13T19:19:29  perf: micro-optimization
2026-04-13T14:36:36  style: formatting
2026-04-21T09:53:43  chore: bump dev tooling
2026-05-22T16:10:50  docs: expand examples
2024-07-01T17:57:27  feat: do or do not, there is no try/except
2024-10-27T12:14:34  perf: speed. I am speed.
2025-02-23T19:31:41  fix: the cake is a lie, but the bug was real
2025-03-27T14:48:48  test: trust, but verify
2025-07-24T09:05:55  fix: 60% of the time, it works every time
2025-11-20T16:22:02  docs: here be dragons
2025-12-22T11:39:09  feat: with great power comes great test coverage
